<?xml version="1.0" encoding="UTF-8"?><testsuite errors="1" failures="0" name="Registro en Trello" skipped="0" tests="1" time="43.98" timestamp="2020-05-14 01:25:25"><testcase name="Registro exitoso en Trello"><error message="Timed out after 2 seconds. Element not found&#10;For documentation on this error, please visit: https://www.seleniumhq.org/exceptions/no_such_element.html&#10;Build info: version: '3.141.59', revision: 'e82be7d358', time: '2018-11-14T08:17:03'&#10;System info: host: 'CHMEPPF0HDQR9', ip: '10.0.0.12', os.name: 'Windows 10', os.arch: 'amd64', os.version: '10.0', java.version: '1.8.0_141'&#10;Driver info: driver.version: unknown&#10;For documentation on this error, please visit: https://www.seleniumhq.org/exceptions/no_such_element.html&#10;Build info: version: '3.141.59', revision: 'e82be7d358', time: '2018-11-14T08:17:03'&#10;System info: host: 'CHMEPPF0HDQR9', ip: '10.0.0.12', os.name: 'Windows 10', os.arch: 'amd64', os.version: '10.0', java.version: '1.8.0_141'&#10;Driver info: driver.version: unknown" type="org.openqa.selenium.NoSuchElementException">Timed out after 2 seconds. Element not found
For documentation on this error, please visit: https://www.seleniumhq.org/exceptions/no_such_element.html
Build info: version: '3.141.59', revision: 'e82be7d358', time: '2018-11-14T08:17:03'
System info: host: 'CHMEPPF0HDQR9', ip: '10.0.0.12', os.name: 'Windows 10', os.arch: 'amd64', os.version: '10.0', java.version: '1.8.0_141'
Driver info: driver.version: unknown
For documentation on this error, please visit: https://www.seleniumhq.org/exceptions/no_such_element.html
Build info: version: '3.141.59', revision: 'e82be7d358', time: '2018-11-14T08:17:03'
System info: host: 'CHMEPPF0HDQR9', ip: '10.0.0.12', os.name: 'Windows 10', os.arch: 'amd64', os.version: '10.0', java.version: '1.8.0_141'
Driver info: driver.version: unknown</error><system-err>Timed out after 2 seconds. Element not found
For documentation on this error, please visit: https://www.seleniumhq.org/exceptions/no_such_element.html
Build info: version: '3.141.59', revision: 'e82be7d358', time: '2018-11-14T08:17:03'
System info: host: 'CHMEPPF0HDQR9', ip: '10.0.0.12', os.name: 'Windows 10', os.arch: 'amd64', os.version: '10.0', java.version: '1.8.0_141'
Driver info: driver.version: unknown
For documentation on this error, please visit: https://www.seleniumhq.org/exceptions/no_such_element.html
Build info: version: '3.141.59', revision: 'e82be7d358', time: '2018-11-14T08:17:03'
System info: host: 'CHMEPPF0HDQR9', ip: '10.0.0.12', os.name: 'Windows 10', os.arch: 'amd64', os.version: '10.0', java.version: '1.8.0_141'
Driver info: driver.version: unknown&#13;
co.com.retotecnico.pages.RegistroTrelloPage.verificarRegistro(RegistroTrelloPage.java:62)&#13;
co.com.retotecnico.steps.RegistroTrelloSteps.verificarCreacionCuenta(RegistroTrelloSteps.java:27)&#13;
co.com.retotecnico.definitions.RegistroTrelloDefinition.verifico_la_creacion_de_la_cuenta(RegistroTrelloDefinition.java:34)&#13;
✽.Verifico la creacion de la cuenta(src/test/resources/features/Trello/Registro/RegistroTrello.feature:13)&#13;
</system-err></testcase></testsuite>